android/app/build/outputs/logs/manifest-merger-release-report.txt
-- Merging decision tree log ---
application
INJECTED from src\main\AndroidManifest.xml:6:5-77:19
INJECTED from src\main\AndroidManifest.xml:6:5-77:19
MERGED from [androidx.window:window:1.2.0] AndroidManifest.xml:22:5-29:19
MERGED from [androidx.window:window:1.2.0] AndroidManifest.xml:22:5-29:19
MERGED from [androidx.emoji2:emoji2:1.0.0] AndroidManifest.xml:25:5-35:19
MERGED from [androidx.emoji2:emoji2:1.0.0] AndroidManifest.xml:25:5-35:19
MERGED from [androidx.core:core:1.15.0] AndroidManifest.xml:28:5-89
MERGED from [androidx.core:core:1.15.0] AndroidManifest.xml:28:5-89
MERGED from [androidx.lifecycle:lifecycle-process:2.8.7] AndroidManifest.xml:23:5-33:19
MERGED from [androidx.lifecycle:lifecycle-process:2.8.7] AndroidManifest.xml:23:5-33:19
MERGED from [androidx.profileinstaller:profileinstaller:1.3.1] AndroidManifest.xml:23:5-53:19
MERGED from [androidx.profileinstaller:profileinstaller:1.3.1] AndroidManifest.xml:23:5-53:19
MERGED from [androidx.startup:startup-runtime:1.1.1] AndroidManifest.xml:25:5-31:19
MERGED from [androidx.startup:startup-runtime:1.1.1] AndroidManifest.xml:25:5-31:19
MERGED from [androidx.versionedparcelable:versionedparcelable:1.1.1] AndroidManifest.xml:24:5-25:19
MERGED from [androidx.versionedparcelable:versionedparcelable:1.1.1] AndroidManifest.xml:24:5-25:19
MERGED from [com.journeyapps:zxing-android-embedded:3.6.0] AndroidManifest.xml:46:5-54:19
MERGED from [com.journeyapps:zxing-android-embedded:3.6.0] AndroidManifest.xml:46:5-54:19
	android:extractNativeLibs
		INJECTED from src\main\AndroidManifest.xml
	android:appComponentFactory
		ADDED from [androidx.core:core:1.15.0] AndroidManifest.xml:28:18-86
	android:label
		ADDED from src\main\AndroidManifest.xml:9:9-47
	android:hardwareAccelerated
		ADDED from src\main\AndroidManifest.xml:7:9-43
	android:icon
		ADDED from src\main\AndroidManifest.xml:11:9-43
	android:networkSecurityConfig
		ADDED from src\main\AndroidManifest.xml:8:9-69
	android:usesCleartextTraffic
		ADDED from src\main\AndroidManifest.xml:12:9-44
	android:name
		INJECTED from src\main\AndroidManifest.xml
		ADDED from src\main\AndroidManifest.xml:10:9-42
manifest
ADDED from src\main\AndroidManifest.xml:1:1-89:12
INJECTED from src\main\AndroidManifest.xml:1:1-89:12
INJECTED from src\main\AndroidManifest.xml:1:1-89:12
INJECTED from src\main\AndroidManifest.xml:1:1-89:12
MERGED from [:file_picker] AndroidManifest.xml:2:1-15:12
MERGED from [:flutter_pos_printer_platform_image_3] AndroidManifest.xml:2:1-35:12
MERGED from [:network_info_plus] AndroidManifest.xml:2:1-10:12
MERGED from [:wakelock_plus] AndroidManifest.xml:2:1-7:12
MERGED from [:package_info_plus] AndroidManifest.xml:2:1-7:12
MERGED from [:shared_preferences_android] AndroidManifest.xml:2:1-7:12
MERGED from [:audioplayers_android] AndroidManifest.xml:2:1-7:12
MERGED from [:flutter_tts] AndroidManifest.xml:2:1-7:12
MERGED from [:android_intent_plus] AndroidManifest.xml:2:1-7:12
MERGED from [:blue_thermal_printer] AndroidManifest.xml:2:1-33:12
MERGED from [:flutter_plugin_android_lifecycle] AndroidManifest.xml:2:1-7:12
MERGED from [:fluttertoast] AndroidManifest.xml:2:1-7:12
MERGED from [:path_provider_android] AndroidManifest.xml:2:1-7:12
MERGED from [:permission_handler_android] AndroidManifest.xml:2:1-7:12
MERGED from [:sqflite_android] AndroidManifest.xml:2:1-7:12
MERGED from [:video_player_android] AndroidManifest.xml:2:1-7:12
MERGED from [androidx.preference:preference:1.2.1] AndroidManifest.xml:17:1-24:12
MERGED from [androidx.appcompat:appcompat:1.4.2] AndroidManifest.xml:17:1-24:12
MERGED from [androidx.media3:media3-extractor:1.4.1] AndroidManifest.xml:17:1-22:12
MERGED from [androidx.media3:media3-container:1.4.1] AndroidManifest.xml:17:1-22:12
MERGED from [androidx.media3:media3-datasource:1.4.1] AndroidManifest.xml:17:1-22:12
MERGED from [androidx.media3:media3-decoder:1.4.1] AndroidManifest.xml:17:1-22:12
MERGED from [androidx.media3:media3-database:1.4.1] AndroidManifest.xml:17:1-22:12
MERGED from [androidx.media3:media3-common:1.4.1] AndroidManifest.xml:17:1-24:12
MERGED from [androidx.media3:media3-exoplayer-hls:1.4.1] AndroidManifest.xml:17:1-22:12
MERGED from [androidx.media3:media3-exoplayer-dash:1.4.1] AndroidManifest.xml:17:1-22:12
MERGED from [androidx.media3:media3-exoplayer-rtsp:1.4.1] AndroidManifest.xml:17:1-22:12
MERGED from [androidx.media3:media3-exoplayer-smoothstreaming:1.4.1] AndroidManifest.xml:17:1-22:12
MERGED from [androidx.media3:media3-exoplayer:1.4.1] AndroidManifest.xml:17:1-24:12
MERGED from [androidx.recyclerview:recyclerview:1.0.0] AndroidManifest.xml:17:1-22:12
MERGED from [androidx.legacy:legacy-support-core-ui:1.0.0] AndroidManifest.xml:17:1-22:12
MERGED from [androidx.slidingpanelayout:slidingpanelayout:1.2.0] AndroidManifest.xml:17:1-24:12
MERGED from [androidx.window:window:1.2.0] AndroidManifest.xml:17:1-31:12
MERGED from [androidx.window:window-java:1.2.0] AndroidManifest.xml:17:1-21:12
MERGED from [androidx.appcompat:appcompat-resources:1.4.2] AndroidManifest.xml:17:1-24:12
MERGED from [androidx.drawerlayout:drawerlayout:1.0.0] AndroidManifest.xml:17:1-22:12
MERGED from [androidx.emoji2:emoji2-views-helper:1.0.0] AndroidManifest.xml:17:1-24:12
MERGED from [androidx.emoji2:emoji2:1.0.0] AndroidManifest.xml:17:1-37:12
MERGED from [androidx.fragment:fragment-ktx:1.7.1] AndroidManifest.xml:2:1-7:12
MERGED from [androidx.fragment:fragment:1.7.1] AndroidManifest.xml:2:1-7:12
MERGED from [androidx.activity:activity-ktx:1.8.1] AndroidManifest.xml:2:1-7:12
MERGED from [androidx.activity:activity:1.8.1] AndroidManifest.xml:17:1-22:12
MERGED from [androidx.legacy:legacy-support-core-utils:1.0.0] AndroidManifest.xml:17:1-22:12
MERGED from [androidx.loader:loader:1.0.0] AndroidManifest.xml:17:1-22:12
MERGED from [androidx.viewpager:viewpager:1.0.0] AndroidManifest.xml:17:1-22:12
MERGED from [androidx.vectordrawable:vectordrawable-animated:1.1.0] AndroidManifest.xml:17:1-24:12
MERGED from [androidx.vectordrawable:vectordrawable:1.1.0] AndroidManifest.xml:17:1-24:12
MERGED from [androidx.coordinatorlayout:coordinatorlayout:1.0.0] AndroidManifest.xml:17:1-22:12
MERGED from [androidx.customview:customview:1.1.0] AndroidManifest.xml:17:1-24:12
MERGED from [androidx.transition:transition:1.4.1] AndroidManifest.xml:17:1-24:12
MERGED from [androidx.swiperefreshlayout:swiperefreshlayout:1.0.0] AndroidManifest.xml:17:1-22:12
MERGED from [androidx.asynclayoutinflater:asynclayoutinflater:1.0.0] AndroidManifest.xml:17:1-22:12
MERGED from [androidx.core:core:1.15.0] AndroidManifest.xml:17:1-30:12
MERGED from [androidx.savedstate:savedstate-ktx:1.2.1] AndroidManifest.xml:17:1-22:12
MERGED from [androidx.savedstate:savedstate:1.2.1] AndroidManifest.xml:17:1-22:12
MERGED from [androidx.lifecycle:lifecycle-runtime-ktx-android:2.8.7] AndroidManifest.xml:2:1-7:12
MERGED from [androidx.lifecycle:lifecycle-viewmodel:2.8.7] AndroidManifest.xml:2:1-5:12
MERGED from [androidx.lifecycle:lifecycle-viewmodel-android:2.8.7] AndroidManifest.xml:17:1-22:12
MERGED from [androidx.lifecycle:lifecycle-livedata:2.8.7] AndroidManifest.xml:17:1-22:12
MERGED from [androidx.lifecycle:lifecycle-livedata-core-ktx:2.8.7] AndroidManifest.xml:2:1-7:12
MERGED from [androidx.lifecycle:lifecycle-viewmodel-ktx:2.8.7] AndroidManifest.xml:2:1-7:12
MERGED from [androidx.lifecycle:lifecycle-process:2.8.7] AndroidManifest.xml:17:1-35:12
MERGED from [androidx.lifecycle:lifecycle-livedata-core:2.8.7] AndroidManifest.xml:17:1-22:12
MERGED from [androidx.lifecycle:lifecycle-runtime-android:2.8.7] AndroidManifest.xml:17:1-22:12
MERGED from [androidx.lifecycle:lifecycle-viewmodel-savedstate:2.8.7] AndroidManifest.xml:17:1-22:12
MERGED from [androidx.core:core-ktx:1.15.0] AndroidManifest.xml:2:1-7:12
MERGED from [androidx.profileinstaller:profileinstaller:1.3.1] AndroidManifest.xml:17:1-55:12
MERGED from [androidx.startup:startup-runtime:1.1.1] AndroidManifest.xml:17:1-33:12
MERGED from [androidx.tracing:tracing:1.2.0] AndroidManifest.xml:17:1-22:12
MERGED from [androidx.exifinterface:exifinterface:1.4.1] AndroidManifest.xml:2:1-7:12
MERGED from [androidx.cursoradapter:cursoradapter:1.0.0] AndroidManifest.xml:17:1-22:12
MERGED from [androidx.interpolator:interpolator:1.0.0] AndroidManifest.xml:17:1-22:12
MERGED from [androidx.versionedparcelable:versionedparcelable:1.1.1] AndroidManifest.xml:17:1-27:12
MERGED from [androidx.datastore:datastore-core-android:1.1.3] AndroidManifest.xml:2:1-7:12
MERGED from [androidx.datastore:datastore-preferences-android:1.1.3] AndroidManifest.xml:17:1-22:12
MERGED from [androidx.datastore:datastore-android:1.1.3] AndroidManifest.xml:17:1-22:12
MERGED from [androidx.arch.core:core-runtime:2.2.0] AndroidManifest.xml:17:1-22:12
MERGED from [androidx.window.extensions.core:core:1.0.0] AndroidManifest.xml:2:1-7:12
MERGED from [androidx.documentfile:documentfile:1.0.0] AndroidManifest.xml:17:1-22:12
MERGED from [androidx.localbroadcastmanager:localbroadcastmanager:1.0.0] AndroidManifest.xml:17:1-22:12
MERGED from [androidx.print:print:1.0.0] AndroidManifest.xml:17:1-22:12
MERGED from [androidx.annotation:annotation-experimental:1.4.1] AndroidManifest.xml:2:1-7:12
MERGED from [androidx.multidex:multidex:2.0.0] AndroidManifest.xml:17:1-22:12
MERGED from [com.journeyapps:zxing-android-embedded:3.6.0] AndroidManifest.xml:17:1-56:12
MERGED from [com.getkeepsafe.relinker:relinker:1.4.5] AndroidManifest.xml:2:1-7:12
	package
		ADDED from src\main\AndroidManifest.xml:1:70-100
		INJECTED from src\main\AndroidManifest.xml
	android:versionName
		INJECTED from src\main\AndroidManifest.xml
	android:versionCode
		INJECTED from src\main\AndroidManifest.xml
	xmlns:android
		ADDED from src\main\AndroidManifest.xml:1:11-69
uses-permission#android.permission.INTERNET
ADDED from src\main\AndroidManifest.xml:2:5-66
	android:name
		ADDED from src\main\AndroidManifest.xml:2:22-64
uses-feature#android.hardware.usb.host
ADDED from src\main\AndroidManifest.xml:3:5-61
	android:name
		ADDED from src\main\AndroidManifest.xml:3:19-59
uses-permission#android.permission.USB_PERMISSION
ADDED from src\main\AndroidManifest.xml:4:5-72
	android:name
		ADDED from src\main\AndroidManifest.xml:4:22-70
uses-permission#android.permission.RECEIVE_BOOT_COMPLETED
ADDED from src\main\AndroidManifest.xml:5:5-81
	android:name
		ADDED from src\main\AndroidManifest.xml:5:22-78
queries
ADDED from src\main\AndroidManifest.xml:83:5-88:15
MERGED from [:file_picker] AndroidManifest.xml:7:5-13:15
MERGED from [:file_picker] AndroidManifest.xml:7:5-13:15
intent#action:name:android.intent.action.PROCESS_TEXT+data:mimeType:text/plain
ADDED from src\main\AndroidManifest.xml:84:9-87:18
action#android.intent.action.PROCESS_TEXT
ADDED from src\main\AndroidManifest.xml:85:13-72
	android:name
		ADDED from src\main\AndroidManifest.xml:85:21-70
data
ADDED from src\main\AndroidManifest.xml:86:13-50
	android:mimeType
		ADDED from src\main\AndroidManifest.xml:86:19-48
receiver#com.example.queueing.BootReceiver
ADDED from src\main\AndroidManifest.xml:14:9-18:20
	android:enabled
		ADDED from src\main\AndroidManifest.xml:14:48-70
	android:exported
		ADDED from src\main\AndroidManifest.xml:14:71-94
	android:name
		ADDED from src\main\AndroidManifest.xml:14:19-47
intent-filter#action:name:android.intent.action.BOOT_COMPLETED
ADDED from src\main\AndroidManifest.xml:15:13-17:29
action#android.intent.action.BOOT_COMPLETED
ADDED from src\main\AndroidManifest.xml:16:17-79
	android:name
		ADDED from src\main\AndroidManifest.xml:16:25-76
receiver#com.example.queueing.MyDeviceAdminReceiver
ADDED from src\main\AndroidManifest.xml:20:9-30:20
	android:exported
		ADDED from src\main\AndroidManifest.xml:23:13-36
	android:permission
		ADDED from src\main\AndroidManifest.xml:22:13-70
	android:name
		ADDED from src\main\AndroidManifest.xml:21:13-50
meta-data#android.app.device_admin
ADDED from src\main\AndroidManifest.xml:24:13-26:65
	android:resource
		ADDED from src\main\AndroidManifest.xml:26:17-62
	android:name
		ADDED from src\main\AndroidManifest.xml:25:17-56
intent-filter#action:name:android.app.action.DEVICE_ADMIN_ENABLED
ADDED from src\main\AndroidManifest.xml:27:13-29:29
action#android.app.action.DEVICE_ADMIN_ENABLED
ADDED from src\main\AndroidManifest.xml:28:17-82
	android:name
		ADDED from src\main\AndroidManifest.xml:28:25-79
receiver#com.codingdevs.thermal_printer.usb.UsbReceiver
ADDED from src\main\AndroidManifest.xml:32:9-41:20
	android:exported
		ADDED from src\main\AndroidManifest.xml:34:13-36
	android:name
		ADDED from src\main\AndroidManifest.xml:33:13-74
intent-filter#action:name:android.hardware.usb.action.ACTION_USB_PERMISSION+action:name:android.hardware.usb.action.USB_DEVICE_ATTACHED
ADDED from src\main\AndroidManifest.xml:36:13-40:29
action#android.hardware.usb.action.ACTION_USB_PERMISSION
ADDED from src\main\AndroidManifest.xml:37:17-92
	android:name
		ADDED from src\main\AndroidManifest.xml:37:25-89
action#android.hardware.usb.action.USB_DEVICE_ATTACHED
ADDED from src\main\AndroidManifest.xml:38:17-90
	android:name
		ADDED from src\main\AndroidManifest.xml:38:25-87
activity#com.example.queueing.MainActivity
ADDED from src\main\AndroidManifest.xml:43:9-71:20
	android:lockTaskMode
		ADDED from src\main\AndroidManifest.xml:52:13-50
	android:launchMode
		ADDED from src\main\AndroidManifest.xml:46:13-44
	android:hardwareAccelerated
		ADDED from src\main\AndroidManifest.xml:50:13-47
	android:windowSoftInputMode
		ADDED from src\main\AndroidManifest.xml:51:13-55
	android:exported
		ADDED from src\main\AndroidManifest.xml:45:13-36
	android:configChanges
		ADDED from src\main\AndroidManifest.xml:49:13-163
	android:theme
		ADDED from src\main\AndroidManifest.xml:48:13-47
	android:taskAffinity
		ADDED from src\main\AndroidManifest.xml:47:13-36
	android:name
		ADDED from src\main\AndroidManifest.xml:44:13-41
meta-data#io.flutter.embedding.android.NormalTheme
ADDED from src\main\AndroidManifest.xml:60:13-63:17
	android:resource
		ADDED from src\main\AndroidManifest.xml:62:15-52
	android:name
		ADDED from src\main\AndroidManifest.xml:61:15-70
intent-filter#action:name:android.intent.action.MAIN+category:name:android.intent.category.DEFAULT+category:name:android.intent.category.HOME+category:name:android.intent.category.LAUNCHER
ADDED from src\main\AndroidManifest.xml:65:13-70:29
action#android.intent.action.MAIN
ADDED from src\main\AndroidManifest.xml:66:17-69
	android:name
		ADDED from src\main\AndroidManifest.xml:66:25-66
category#android.intent.category.HOME
ADDED from src\main\AndroidManifest.xml:67:17-73
	android:name
		ADDED from src\main\AndroidManifest.xml:67:27-70
category#android.intent.category.DEFAULT
ADDED from src\main\AndroidManifest.xml:68:17-76
	android:name
		ADDED from src\main\AndroidManifest.xml:68:27-73
category#android.intent.category.LAUNCHER
ADDED from src\main\AndroidManifest.xml:69:17-77
	android:name
		ADDED from src\main\AndroidManifest.xml:69:27-74
meta-data#flutterEmbedding
ADDED from src\main\AndroidManifest.xml:74:9-76:33
	android:value
		ADDED from src\main\AndroidManifest.xml:76:13-30
	android:name
		ADDED from src\main\AndroidManifest.xml:75:13-44
uses-sdk
INJECTED from src\main\AndroidManifest.xml reason: use-sdk injection requested
INJECTED from src\main\AndroidManifest.xml
INJECTED from src\main\AndroidManifest.xml
MERGED from [:file_picker] AndroidManifest.xml:5:5-44
MERGED from [:file_picker] AndroidManifest.xml:5:5-44
MERGED from [:flutter_pos_printer_platform_image_3] AndroidManifest.xml:5:5-44
MERGED from [:flutter_pos_printer_platform_image_3] AndroidManifest.xml:5:5-44
MERGED from [:network_info_plus] AndroidManifest.xml:5:5-44
MERGED from [:network_info_plus] AndroidManifest.xml:5:5-44
MERGED from [:wakelock_plus] AndroidManifest.xml:5:5-44
MERGED from [:wakelock_plus] AndroidManifest.xml:5:5-44
MERGED from [:package_info_plus] AndroidManifest.xml:5:5-44
MERGED from [:package_info_plus] AndroidManifest.xml:5:5-44
MERGED from [:shared_preferences_android] AndroidManifest.xml:5:5-44
MERGED from [:shared_preferences_android] AndroidManifest.xml:5:5-44
MERGED from [:audioplayers_android] AndroidManifest.xml:5:5-44
MERGED from [:audioplayers_android] AndroidManifest.xml:5:5-44
MERGED from [:flutter_tts] AndroidManifest.xml:5:5-44
MERGED from [:flutter_tts] AndroidManifest.xml:5:5-44
MERGED from [:android_intent_plus] AndroidManifest.xml:5:5-44
MERGED from [:android_intent_plus] AndroidManifest.xml:5:5-44
MERGED from [:blue_thermal_printer] AndroidManifest.xml:5:5-44
MERGED from [:blue_thermal_printer] AndroidManifest.xml:5:5-44
MERGED from [:flutter_plugin_android_lifecycle] AndroidManifest.xml:5:5-44
MERGED from [:flutter_plugin_android_lifecycle] AndroidManifest.xml:5:5-44
MERGED from [:fluttertoast] AndroidManifest.xml:5:5-44
MERGED from [:fluttertoast] AndroidManifest.xml:5:5-44
MERGED from [:path_provider_android] AndroidManifest.xml:5:5-44
MERGED from [:path_provider_android] AndroidManifest.xml:5:5-44
MERGED from [:permission_handler_android] AndroidManifest.xml:5:5-44
MERGED from [:permission_handler_android] AndroidManifest.xml:5:5-44
MERGED from [:sqflite_android] AndroidManifest.xml:5:5-44
MERGED from [:sqflite_android] AndroidManifest.xml:5:5-44
MERGED from [:video_player_android] AndroidManifest.xml:5:5-44
MERGED from [:video_player_android] AndroidManifest.xml:5:5-44
MERGED from [androidx.preference:preference:1.2.1] AndroidManifest.xml:20:5-22:41
MERGED from [androidx.preference:preference:1.2.1] AndroidManifest.xml:20:5-22:41
MERGED from [androidx.appcompat:appcompat:1.4.2] AndroidManifest.xml:20:5-22:41
MERGED from [androidx.appcompat:appcompat:1.4.2] AndroidManifest.xml:20:5-22:41
MERGED from [androidx.media3:media3-extractor:1.4.1] AndroidManifest.xml:20:5-44
MERGED from [androidx.media3:media3-extractor:1.4.1] AndroidManifest.xml:20:5-44
MERGED from [androidx.media3:media3-container:1.4.1] AndroidManifest.xml:20:5-44
MERGED from [androidx.media3:media3-container:1.4.1] AndroidManifest.xml:20:5-44
MERGED from [androidx.media3:media3-datasource:1.4.1] AndroidManifest.xml:20:5-44
MERGED from [androidx.media3:media3-datasource:1.4.1] AndroidManifest.xml:20:5-44
MERGED from [androidx.media3:media3-decoder:1.4.1] AndroidManifest.xml:20:5-44
MERGED from [androidx.media3:media3-decoder:1.4.1] AndroidManifest.xml:20:5-44
MERGED from [androidx.media3:media3-database:1.4.1] AndroidManifest.xml:20:5-44
MERGED from [androidx.media3:media3-database:1.4.1] AndroidManifest.xml:20:5-44
MERGED from [androidx.media3:media3-common:1.4.1] AndroidManifest.xml:20:5-44
MERGED from [androidx.media3:media3-common:1.4.1] AndroidManifest.xml:20:5-44
MERGED from [androidx.media3:media3-exoplayer-hls:1.4.1] AndroidManifest.xml:20:5-44
MERGED from [androidx.media3:media3-exoplayer-hls:1.4.1] AndroidManifest.xml:20:5-44
MERGED from [androidx.media3:media3-exoplayer-dash:1.4.1] AndroidManifest.xml:20:5-44
MERGED from [androidx.media3:media3-exoplayer-dash:1.4.1] AndroidManifest.xml:20:5-44
MERGED from [androidx.media3:media3-exoplayer-rtsp:1.4.1] AndroidManifest.xml:20:5-44
MERGED from [androidx.media3:media3-exoplayer-rtsp:1.4.1] AndroidManifest.xml:20:5-44
MERGED from [androidx.media3:media3-exoplayer-smoothstreaming:1.4.1] AndroidManifest.xml:20:5-44
MERGED from [androidx.media3:media3-exoplayer-smoothstreaming:1.4.1] AndroidManifest.xml:20:5-44
MERGED from [androidx.media3:media3-exoplayer:1.4.1] AndroidManifest.xml:20:5-44
MERGED from [androidx.media3:media3-exoplayer:1.4.1] AndroidManifest.xml:20:5-44
MERGED from [androidx.recyclerview:recyclerview:1.0.0] AndroidManifest.xml:20:5-44
MERGED from [androidx.recyclerview:recyclerview:1.0.0] AndroidManifest.xml:20:5-44
MERGED from [androidx.legacy:legacy-support-core-ui:1.0.0] AndroidManifest.xml:20:5-44
MERGED from [androidx.legacy:legacy-support-core-ui:1.0.0] AndroidManifest.xml:20:5-44
MERGED from [androidx.slidingpanelayout:slidingpanelayout:1.2.0] AndroidManifest.xml:20:5-22:41
MERGED from [androidx.slidingpanelayout:slidingpanelayout:1.2.0] AndroidManifest.xml:20:5-22:41
MERGED from [androidx.window:window:1.2.0] AndroidManifest.xml:20:5-44
MERGED from [androidx.window:window:1.2.0] AndroidManifest.xml:20:5-44
MERGED from [androidx.window:window-java:1.2.0] AndroidManifest.xml:19:5-44
MERGED from [androidx.window:window-java:1.2.0] AndroidManifest.xml:19:5-44
MERGED from [androidx.appcompat:appcompat-resources:1.4.2] AndroidManifest.xml:20:5-22:41
MERGED from [androidx.appcompat:appcompat-resources:1.4.2] AndroidManifest.xml:20:5-22:41
MERGED from [androidx.drawerlayout:drawerlayout:1.0.0] AndroidManifest.xml:20:5-44
MERGED from [androidx.drawerlayout:drawerlayout:1.0.0] AndroidManifest.xml:20:5-44
MERGED from [androidx.emoji2:emoji2-views-helper:1.0.0] AndroidManifest.xml:20:5-22:41
MERGED from [androidx.emoji2:emoji2-views-helper:1.0.0] AndroidManifest.xml:20:5-22:41
MERGED from [androidx.emoji2:emoji2:1.0.0] AndroidManifest.xml:21:5-23:41
MERGED from [androidx.emoji2:emoji2:1.0.0] AndroidManifest.xml:21:5-23:41
MERGED from [androidx.fragment:fragment-ktx:1.7.1] AndroidManifest.xml:5:5-44
MERGED from [androidx.fragment:fragment-ktx:1.7.1] AndroidManifest.xml:5:5-44
MERGED from [androidx.fragment:fragment:1.7.1] AndroidManifest.xml:5:5-44
MERGED from [androidx.fragment:fragment:1.7.1] AndroidManifest.xml:5:5-44
MERGED from [androidx.activity:activity-ktx:1.8.1] AndroidManifest.xml:5:5-44
MERGED from [androidx.activity:activity-ktx:1.8.1] AndroidManifest.xml:5:5-44
MERGED from [androidx.activity:activity:1.8.1] AndroidManifest.xml:20:5-44
MERGED from [androidx.activity:activity:1.8.1] AndroidManifest.xml:20:5-44
MERGED from [androidx.legacy:legacy-support-core-utils:1.0.0] AndroidManifest.xml:20:5-44
MERGED from [androidx.legacy:legacy-support-core-utils:1.0.0] AndroidManifest.xml:20:5-44
MERGED from [androidx.loader:loader:1.0.0] AndroidManifest.xml:20:5-44
MERGED from [androidx.loader:loader:1.0.0] AndroidManifest.xml:20:5-44
MERGED from [androidx.viewpager:viewpager:1.0.0] AndroidManifest.xml:20:5-44
MERGED from [androidx.viewpager:viewpager:1.0.0] AndroidManifest.xml:20:5-44
MERGED from [androidx.vectordrawable:vectordrawable-animated:1.1.0] AndroidManifest.xml:20:5-22:41
MERGED from [androidx.vectordrawable:vectordrawable-animated:1.1.0] AndroidManifest.xml:20:5-22:41
MERGED from [androidx.vectordrawable:vectordrawable:1.1.0] AndroidManifest.xml:20:5-22:41
MERGED from [androidx.vectordrawable:vectordrawable:1.1.0] AndroidManifest.xml:20:5-22:41
MERGED from [androidx.coordinatorlayout:coordinatorlayout:1.0.0] AndroidManifest.xml:20:5-44
MERGED from [androidx.coordinatorlayout:coordinatorlayout:1.0.0] AndroidManifest.xml:20:5-44
MERGED from [androidx.customview:customview:1.1.0] AndroidManifest.xml:20:5-22:41
MERGED from [androidx.customview:customview:1.1.0] AndroidManifest.xml:20:5-22:41
MERGED from [androidx.transition:transition:1.4.1] AndroidManifest.xml:20:5-22:41
MERGED from [androidx.transition:transition:1.4.1] AndroidManifest.xml:20:5-22:41
MERGED from [androidx.swiperefreshlayout:swiperefreshlayout:1.0.0] AndroidManifest.xml:20:5-44
MERGED from [androidx.swiperefreshlayout:swiperefreshlayout:1.0.0] AndroidManifest.xml:20:5-44
MERGED from [androidx.asynclayoutinflater:asynclayoutinflater:1.0.0] AndroidManifest.xml:20:5-44
MERGED from [androidx.asynclayoutinflater:asynclayoutinflater:1.0.0] AndroidManifest.xml:20:5-44
MERGED from [androidx.core:core:1.15.0] AndroidManifest.xml:20:5-44
MERGED from [androidx.core:core:1.15.0] AndroidManifest.xml:20:5-44
MERGED from [androidx.savedstate:savedstate-ktx:1.2.1] AndroidManifest.xml:20:5-44
MERGED from [androidx.savedstate:savedstate-ktx:1.2.1] AndroidManifest.xml:20:5-44
MERGED from [androidx.savedstate:savedstate:1.2.1] AndroidManifest.xml:20:5-44
MERGED from [androidx.savedstate:savedstate:1.2.1] AndroidManifest.xml:20:5-44
MERGED from [androidx.lifecycle:lifecycle-runtime-ktx-android:2.8.7] AndroidManifest.xml:5:5-44
MERGED from [androidx.lifecycle:lifecycle-runtime-ktx-android:2.8.7] AndroidManifest.xml:5:5-44
MERGED from [androidx.lifecycle:lifecycle-viewmodel:2.8.7] AndroidManifest.xml:4:5-43
MERGED from [androidx.lifecycle:lifecycle-viewmodel:2.8.7] AndroidManifest.xml:4:5-43
MERGED from [androidx.lifecycle:lifecycle-viewmodel-android:2.8.7] AndroidManifest.xml:20:5-44
MERGED from [androidx.lifecycle:lifecycle-viewmodel-android:2.8.7] AndroidManifest.xml:20:5-44
MERGED from [androidx.lifecycle:lifecycle-livedata:2.8.7] AndroidManifest.xml:20:5-44
MERGED from [androidx.lifecycle:lifecycle-livedata:2.8.7] AndroidManifest.xml:20:5-44
MERGED from [androidx.lifecycle:lifecycle-livedata-core-ktx:2.8.7] AndroidManifest.xml:5:5-44
MERGED from [androidx.lifecycle:lifecycle-livedata-core-ktx:2.8.7] AndroidManifest.xml:5:5-44
MERGED from [androidx.lifecycle:lifecycle-viewmodel-ktx:2.8.7] AndroidManifest.xml:5:5-44
MERGED from [androidx.lifecycle:lifecycle-viewmodel-ktx:2.8.7] AndroidManifest.xml:5:5-44
MERGED from [androidx.lifecycle:lifecycle-process:2.8.7] AndroidManifest.xml:21:5-44
MERGED from [androidx.lifecycle:lifecycle-process:2.8.7] AndroidManifest.xml:21:5-44
MERGED from [androidx.lifecycle:lifecycle-livedata-core:2.8.7] AndroidManifest.xml:20:5-44
MERGED from [androidx.lifecycle:lifecycle-livedata-core:2.8.7] AndroidManifest.xml:20:5-44
MERGED from [androidx.lifecycle:lifecycle-runtime-android:2.8.7] AndroidManifest.xml:20:5-44
MERGED from [androidx.lifecycle:lifecycle-runtime-android:2.8.7] AndroidManifest.xml:20:5-44
MERGED from [androidx.lifecycle:lifecycle-viewmodel-savedstate:2.8.7] AndroidManifest.xml:20:5-44
MERGED from [androidx.lifecycle:lifecycle-viewmodel-savedstate:2.8.7] AndroidManifest.xml:20:5-44
MERGED from [androidx.core:core-ktx:1.15.0] AndroidManifest.xml:5:5-44
MERGED from [androidx.core:core-ktx:1.15.0] AndroidManifest.xml:5:5-44
MERGED from [androidx.profileinstaller:profileinstaller:1.3.1] AndroidManifest.xml:21:5-44
MERGED from [androidx.profileinstaller:profileinstaller:1.3.1] AndroidManifest.xml:21:5-44
MERGED from [androidx.startup:startup-runtime:1.1.1] AndroidManifest.xml:21:5-23:41
MERGED from [androidx.startup:startup-runtime:1.1.1] AndroidManifest.xml:21:5-23:41
MERGED from [androidx.tracing:tracing:1.2.0] AndroidManifest.xml:20:5-44
MERGED from [androidx.tracing:tracing:1.2.0] AndroidManifest.xml:20:5-44
MERGED from [androidx.exifinterface:exifinterface:1.4.1] AndroidManifest.xml:5:5-44
MERGED from [androidx.exifinterface:exifinterface:1.4.1] AndroidManifest.xml:5:5-44
MERGED from [androidx.cursoradapter:cursoradapter:1.0.0] AndroidManifest.xml:20:5-44
MERGED from [androidx.cursoradapter:cursoradapter:1.0.0] AndroidManifest.xml:20:5-44
MERGED from [androidx.interpolator:interpolator:1.0.0] AndroidManifest.xml:20:5-44
MERGED from [androidx.interpolator:interpolator:1.0.0] AndroidManifest.xml:20:5-44
MERGED from [androidx.versionedparcelable:versionedparcelable:1.1.1] AndroidManifest.xml:20:5-22:41
MERGED from [androidx.versionedparcelable:versionedparcelable:1.1.1] AndroidManifest.xml:20:5-22:41
MERGED from [androidx.datastore:datastore-core-android:1.1.3] AndroidManifest.xml:5:5-44
MERGED from [androidx.datastore:datastore-core-android:1.1.3] AndroidManifest.xml:5:5-44
MERGED from [androidx.datastore:datastore-preferences-android:1.1.3] AndroidManifest.xml:20:5-44
MERGED from [androidx.datastore:datastore-preferences-android:1.1.3] AndroidManifest.xml:20:5-44
MERGED from [androidx.datastore:datastore-android:1.1.3] AndroidManifest.xml:20:5-44
MERGED from [androidx.datastore:datastore-android:1.1.3] AndroidManifest.xml:20:5-44
MERGED from [androidx.arch.core:core-runtime:2.2.0] AndroidManifest.xml:20:5-44
MERGED from [androidx.arch.core:core-runtime:2.2.0] AndroidManifest.xml:20:5-44
MERGED from [androidx.window.extensions.core:core:1.0.0] AndroidManifest.xml:5:5-44
MERGED from [androidx.window.extensions.core:core:1.0.0] AndroidManifest.xml:5:5-44
MERGED from [androidx.documentfile:documentfile:1.0.0] AndroidManifest.xml:20:5-44
MERGED from [androidx.documentfile:documentfile:1.0.0] AndroidManifest.xml:20:5-44
MERGED from [androidx.localbroadcastmanager:localbroadcastmanager:1.0.0] AndroidManifest.xml:20:5-44
MERGED from [androidx.localbroadcastmanager:localbroadcastmanager:1.0.0] AndroidManifest.xml:20:5-44
MERGED from [androidx.print:print:1.0.0] AndroidManifest.xml:20:5-44
MERGED from [androidx.print:print:1.0.0] AndroidManifest.xml:20:5-44
MERGED from [androidx.annotation:annotation-experimental:1.4.1] AndroidManifest.xml:5:5-44
MERGED from [androidx.annotation:annotation-experimental:1.4.1] AndroidManifest.xml:5:5-44
MERGED from [androidx.multidex:multidex:2.0.0] AndroidManifest.xml:20:5-43
MERGED from [androidx.multidex:multidex:2.0.0] AndroidManifest.xml:20:5-43
MERGED from [com.journeyapps:zxing-android-embedded:3.6.0] AndroidManifest.xml:20:5-44
MERGED from [com.journeyapps:zxing-android-embedded:3.6.0] AndroidManifest.xml:20:5-44
MERGED from [com.getkeepsafe.relinker:relinker:1.4.5] AndroidManifest.xml:5:5-43
MERGED from [com.getkeepsafe.relinker:relinker:1.4.5] AndroidManifest.xml:5:5-43
	android:targetSdkVersion
		INJECTED from src\main\AndroidManifest.xml
	android:minSdkVersion
		INJECTED from src\main\AndroidManifest.xml
intent#action:name:android.intent.action.GET_CONTENT+data:mimeType:*/*
ADDED from [:file_picker] AndroidManifest.xml:8:9-12:18
action#android.intent.action.GET_CONTENT
ADDED from [:file_picker] AndroidManifest.xml:9:13-72
	android:name
		ADDED from [:file_picker] AndroidManifest.xml:9:21-69
uses-feature#android.hardware.bluetooth
ADDED from [:flutter_pos_printer_platform_image_3] AndroidManifest.xml:7:5-9:36
	android:required
		ADDED from [:flutter_pos_printer_platform_image_3] AndroidManifest.xml:9:9-33
	android:name
		ADDED from [:flutter_pos_printer_platform_image_3] AndroidManifest.xml:8:9-50
uses-permission#android.permission.ACCESS_FINE_LOCATION
ADDED from [:flutter_pos_printer_platform_image_3] AndroidManifest.xml:11:5-79
MERGED from [:blue_thermal_printer] AndroidManifest.xml:18:5-79
MERGED from [:blue_thermal_printer] AndroidManifest.xml:18:5-79
	android:name